drews 1.0
25 667
1.61436 -0.231629 0
0.990941 -0.0174108 0.133166
0.00919928 0.998032 0.0620326
-0.133984 -0.0602456 0.98915
-1.55529 -0.562805 -0.498412
1.62577 -0.236654 0
0.989915 -0.0285119 0.138765
0.0152994 0.995325 0.0953666
-0.140835 -0.0922817 0.985723
-1.69189 -0.88778 -0.74414
1.61274 -0.270301 0
0.988853 -0.0373894 0.144125
0.033021 0.998923 0.0325841
-0.145189 -0.0274617 0.989023
-1.64787 -0.0964831 0.606144
1.9855 -0.420182 0
0.987797 -0.0118818 0.155291
0.0118232 0.999929 0.00130115
-0.155295 0.00055076 0.987868
-1.89282 -0.102043 0.365765
1.96067 -0.430764 0
0.999971 0.000999984 -0.00756701
-0.0010164 0.999997 -0.00216595
0.00756482 0.00217358 0.999969
0.0964383 0.0475843 -0.106514
1.96453 -0.409903 0
0.995166 -0.0279777 0.0941425
0.0282858 0.999598 -0.00193915
-0.0940504 0.00459267 0.995557
-1.02998 -0.015352 0.0808971
1.98899 -0.364073 0
0.973875 -0.0523183 0.220977
0.0535892 0.998563 0.000244361
-0.220672 0.011604 0.975279
-2.31123 -0.0498939 0.247274
1.98673 -0.309959 0
0.931982 -0.096691 0.349371
0.0976748 0.995108 0.0148458
-0.349098 0.0202887 0.936867
-3.50835 -0.221755 0.749966
2.09778 -0.341077 0
0.881876 -0.124727 0.454685
0.127241 0.991551 0.0252107
-0.453988 0.0356217 0.890295
-4.53081 -0.394695 1.79957
2.14577 -0.291135 0
0.829272 -0.153895 0.537238
0.156391 0.986832 0.0412818
-0.536516 0.0497854 0.84242
-5.28268 -0.58283 2.64394
2.11919 -0.325537 0
0.784561 -0.170309 0.596204
0.177476 0.98299 0.0472514
-0.59411 0.0687406 0.801441
-6.00323 -0.665293 2.76672
2.10662 -0.350063 0
0.710544 -0.205519 0.67297
0.21924 0.97345 0.0658022
-0.668626 0.100786 0.736737
-6.73302 -0.948839 3.16056
2.09189 -0.340948 0
0.608773 -0.242872 0.755254
0.24507 0.962998 0.112139
-0.754544 0.116823 0.645768
-7.34258 -1.33015 4.16043
2.0945 -0.308413 0
0.536003 -0.262231 0.802456
0.273151 0.953274 0.129064
-0.798805 0.150013 0.582586
-7.97161 -1.56425 4.55369
2.0856 -0.354549 0
0.442081 -0.275131 0.853737
0.280644 0.946436 0.159682
-0.851941 0.169004 0.495616
-8.37375 -1.79264 5.44824
2.06893 -0.353676 0
0.358128 -0.28699 0.888471
0.294421 0.93775 0.184231
-0.886036 0.195607 0.42033
-8.80251 -1.98082 5.84575
2.03667 -0.348063 0
0.250074 -0.296043 0.921858
0.311694 0.92604 0.212832
-0.916684 0.234113 0.323854
-9.12601 -2.36812 6.62682
2.02043 -0.299854 0
0.151469 -0.29596 0.943115
0.32425 0.916204 0.235439
-0.933766 0.270144 0.234742
-9.40851 -2.62311 7.2588
2.03945 -0.312678 0
0.0473274 -0.300017 0.952759
0.317031 0.909023 0.270496
-0.947234 0.289252 0.138136
-9.52021 -2.85311 8.36959
2.0551 -0.337982 0
-0.0409912 -0.301965 0.952437
0.330569 0.895458 0.298127
-0.942891 0.327067 0.0631145
-9.59235 -3.23912 9.11239
2.08174 -0.383445 0
-0.127402 -0.306935 0.943165
0.310492 0.890778 0.331828
-0.942 0.335121 -0.018186
-9.28626 -3.36903 10.1668
2.08965 -0.33163 0
-0.178439 -0.305069 0.935464
0.317164 0.882144 0.348179
-0.931432 0.358824 -0.0606519
-9.23002 -3.59895 10.4514
2.0835 -0.341989 0
-0.205686 -0.284758 0.936273
0.325395 0.882392 0.339856
-0.922936 0.374562 -0.0888366
-9.47455 -3.53205 10.5318
2.08073 -0.268694 0
-0.341799 -0.299178 0.890879
0.297263 0.86488 0.404497
-0.89152 0.403082 -0.20668
-8.76218 -4.18208 11.3082
2.20002 0.133612 0
-0.488737 -0.294864 0.821091
0.217444 0.870282 0.441958
-0.844899 0.394543 -0.361223
-7.97198 -4.20592 13.2344
0.623195 0.550436 9.51335
112 90 68
8 1 0 0 0 2 0 3 0 0 2 3 0 4 0 0 5 1 0 7 1 0 9 0 0
-0.275409 -0.722852 9.95694
132 111 89
7 1 2 0 0 5 0 2 5 0 3 2 0 4 5 0 5 4 0 6 3 0
-0.157021 0.672369 9.15849
160 138 114
3 1 3 0 0 11 0 5 7 0
0.245145 1.03078 9.3885
138 115 95
5 1 6 0 0 16 0 3 7 0 7 6 0 8 4 0
2.39747 0.504393 10.4693
84 72 62
3 1 7 0 0 14 0 3 9 0
2.21211 0.494046 10.6854
71 62 55
3 1 8 0 0 21 0 2 36 0
-0.511177 1.13244 10.0215
131 121 112
3 1 11 0 0 22 0 2 10 0
-0.168183 1.04355 9.59628
127 115 108
6 1 14 0 0 28 0 2 11 0 3 16 0 4 10 0 5 12 0
0.078279 -0.684699 9.81641
121 101 84
3 1 15 0 0 29 0 4 16 0
1.05485 0.841765 9.92017
37 28 20
7 1 17 0 0 121 0 2 124 0 3 45 0 4 53 0 5 45 0 6 28 0
0.748217 1.11297 9.71861
116 89 72
3 1 18 0 0 31 0 2 54 0
2.54502 0.766702 10.4129
127 114 103
3 1 21 0 0 36 0 2 52 0
-0.304922 1.4023 9.60473
165 147 129
5 1 22 0 0 41 0 2 38 0 6 19 0 7 82 0
0.697287 1.06821 9.63562
141 119 100
7 1 27 0 0 51 0 2 59 0 7 28 0 10 35 0 11 21 0 13 122 0
0.707812 1.15648 9.6867
148 129 113
4 1 31 0 0 69 0 6 12 0 7 55 0
1.10668 1.2947 9.86856
107 93 83
7 1 33 0 0 56 0 2 71 0 3 28 0 4 44 0 5 23 0 6 16 0
2.67946 0.346562 10.2981
95 81 70
3 1 35 0 0 43 0 2 58 0
0.137351 0.975532 9.42895
156 132 112
5 1 37 0 0 33 0 2 51 0 6 13 0 7 83 0
0.373112 1.30085 9.47717
128 105 85
5 1 44 0 0 70 0 2 60 0 3 20 0 5 20 0
-0.152463 -0.0848867 9.41366
136 119 103
4 1 46 0 0 47 0 2 49 0 6 30 0
-0.237606 0.414188 9.35616
109 89 72
4 1 49 0 0 38 0 2 70 0 3 29 0
0.0948261 -0.13532 9.81247
103 86 71
14 1 55 0 0 52 0 2 76 0 3 19 0 4 25 0 5 22 0 7 24 0 8 15 0 9 19 0 12 30 0 13 53 0 14 33 0 15 51 0 16 94 0
2.65049 0.961024 10.4687
88 71 58
3 1 56 0 0 79 0 2 82 0
0.93412 0.673752 9.62055
101 80 61
7 1 58 0 0 63 0 2 117 0 3 37 0 4 85 0 5 34 0 7 59 0
-0.0678161 -0.300101 9.85819
135 117 101
7 1 61 0 0 105 0 2 83 0 3 24 0 4 55 0 5 26 0 6 14 0
0.40137 1.17797 9.5388
141 117 97
14 1 65 0 0 91 0 2 92 0 3 39 0 4 57 0 5 36 0 6 23 0 7 33 0 8 33 0 9 32 0 10 30 0 11 37 0 12 29 0 13 33 0
2.75698 0.230635 10.3848
98 80 68
3 1 67 0 0 119 0 2 72 0
2.68809 0.906967 10.501
126 112 101
3 1 68 0 0 120 0 2 95 0
2.27481 0.509342 10.5654
103 89 78
4 1 70 0 0 128 0 4 103 0 5 73 0
0.828775 0.0466186 9.81286
136 119 103
8 1 72 0 0 83 0 2 100 0 3 46 0 4 27 0 5 30 0 6 39 0 7 93 0
2.22794 -2.75717 14.0457
92 78 68
3 1 73 0 0 112 0 2 119 0
0.312649 1.39958 9.49086
160 143 127
5 1 74 0 0 103 0 2 105 0 3 43 0 5 35 0
-0.0533734 1.02472 9.4004
112 96 82
6 1 76 0 0 106 0 2 122 0 3 68 0 5 40 0 6 66 0
0.610326 0.483526 9.48865
129 109 88
10 1 77 0 0 122 0 2 109 0 3 55 0 5 50 0 6 32 0 7 45 0 9 47 0 10 41 0 11 47 0
0.61114 0.481849 9.48463
123 104 83
18 1 78 0 0 123 0 2 108 0 3 54 0 5 51 0 6 31 0 7 44 0 8 47 0 9 46 0 10 42 0 11 46 0 12 38 0 13 48 0 14 62 0 15 68 0 16 91 0 17 128 0 18 200 0
0.310952 -0.10343 9.84431
104 89 74
18 1 79 0 0 115 0 2 110 0 3 42 0 4 58 0 5 49 0 6 40 0 7 50 0 8 50 0 9 49 0 10 48 0 11 58 0 12 41 0 13 59 0 14 65 0 15 102 0 16 119 0 17 177 0
1.14944 1.16272 9.93283
135 122 107
11 1 80 0 0 117 0 2 115 0 3 66 0 4 23 0 5 41 0 6 35 0 7 41 0 8 37 0 9 35 0 10 29 0
-0.12259 -0.660236 10.0921
28 23 18
5 1 82 0 0 109 0 2 130 0 3 59 0 5 58 0
1.97126 0.492192 11.5421
105 94 85
7 1 84 0 0 146 0 2 103 0 3 58 0 4 21 0 5 29 0 6 26 0
0.778599 -0.416057 11.0263
62 57 53
5 1 85 0 0 62 0 2 89 0 3 18 0 5 27 0
0.21363 0.216186 9.58985
150 123 100
15 1 87 0 0 174 0 2 133 0 4 65 0 5 48 0 6 25 0 7 27 0 8 31 0 9 30 0 10 21 0 11 23 0 12 15 0 13 11 0 14 16 0 15 22 0
0.697213 0.40015 9.59469
140 121 104
7 1 89 0 0 88 0 2 94 0 3 50 0 4 33 0 5 39 0 6 29 0
2.23672 1.04462 10.5295
120 103 89
5 1 90 0 0 99 0 3 75 0 6 41 0 8 51 0
0.658519 1.1861 9.65234
128 101 81
7 1 91 0 0 126 0 2 111 0 3 56 0 4 89 0 5 56 0 6 46 0
0.658849 1.18564 9.64631
125 98 79
10 1 92 0 0 127 0 2 112 0 3 57 0 4 90 0 5 57 0 6 45 0 9 113 0 10 131 0 11 188 0
0.0879786 0.110795 9.75734
180 148 129
3 1 93 0 0 77 0 2 41 0
0.484411 0.972473 9.49257
96 77 61
4 1 94 0 0 131 0 6 68 0 7 35 0
0.189972 0.941249 9.37775
127 98 77
8 1 95 0 0 148 0 2 126 0 3 78 0 4 50 0 6 65 0 7 126 0 8 143 0
1.24122 -1.14209 11.7916
22 21 21
12 1 96 0 0 150 0 2 118 0 3 67 0 4 72 0 5 63 0 6 43 0 7 40 0 8 32 0 9 25 0 10 24 0 11 28 0
0.986434 0.500741 9.66105
123 100 80
4 1 97 0 0 140 0 2 128 0 4 88 0
0.254457 1.08399 9.42918
147 123 100
13 1 99 0 0 137 0 2 147 0 3 82 0 4 94 0 5 80 0 6 64 0 7 95 0 8 73 0 9 93 0 10 105 0 11 155 0 12 149 0
0.296369 -0.154124 9.85083
134 117 100
15 1 100 0 0 133 0 2 141 0 3 70 0 4 67 0 5 64 0 6 50 0 8 58 0 10 53 0 11 56 0 12 39 0 13 51 0 14 53 0 15 48 0 16 26 0
0.296336 -0.154305 9.85083
134 117 100
14 1 101 0 0 132 0 2 140 0 3 69 0 4 68 0 5 65 0 6 49 0 8 57 0 10 52 0 11 57 0 12 40 0 14 52 0 15 49 0 16 27 0
2.37563 0.640632 10.7511
127 113 101
5 1 102 0 0 170 0 2 135 0 4 100 0 5 81 0
1.25005 0.658546 9.95015
95 93 87
3 1 107 0 0 179 0 5 106 0
0.577817 1.4401 9.61656
139 124 107
15 1 108 0 0 156 0 2 167 0 3 97 0 4 128 0 5 105 0 6 113 0 7 102 0 8 90 0 9 94 0 10 119 0 11 142 0 12 108 0 13 181 0 14 190 0
2.73507 -0.115275 11.5525
104 89 78
3 1 109 0 0 116 0 2 91 0
0.087024 0.706034 9.26016
133 117 98
12 1 113 0 0 158 0 2 143 0 3 88 0 4 82 0 5 78 0 6 73 0 7 99 0 8 79 0 9 86 0 13 158 0 14 203 0
2.61703 0.197694 10.4174
131 113 96
3 1 116 0 0 172 0 3 79 0
2.77086 -1.95337 12.8385
133 115 100
3 1 117 0 0 201 0 2 113 0
0.0495242 -1.20843 10.0285
137 116 96
13 1 118 0 0 72 0 2 114 0 3 61 0 4 66 0 5 54 0 6 52 0 7 74 0 8 67 0 9 73 0 10 79 0 11 98 0 12 100 0
1.84314 0.740752 11.3951
78 66 58
8 1 119 0 0 181 0 2 180 0 3 101 0 4 106 0 5 91 0 6 95 0 7 116 0
0.394706 1.45359 9.54021
153 133 112
13 1 120 0 0 184 0 3 120 0 5 131 0 6 102 0 7 121 0 8 108 0 9 105 0 10 115 0 11 136 0 12 112 0 13 184 0 14 211 0
0.0962732 0.630004 9.23914
134 117 98
8 1 123 0 0 160 0 2 136 0 3 84 0 4 101 0 5 75 0 6 71 0 7 91 0
1.96634 0.338746 11.3428
21 16 11
3 1 124 0 0 180 0 2 204 0
0.448307 -0.614935 10.2714
119 104 90
5 1 129 0 0 233 0 3 116 0 5 90 0 6 158 0
0.352553 1.46101 9.5163
140 127 113
7 1 130 0 0 195 0 3 139 0 6 110 0 7 133 0 8 120 0 9 114 0
0.765973 1.0013 9.61813
95 77 63
6 1 131 0 0 200 0 2 158 0 3 89 0 5 139 0 6 55 0
0.76963 1.19703 9.67417
102 82 66
16 1 132 0 0 215 0 2 178 0 3 91 0 4 163 0 5 116 0 6 79 0 7 57 0 8 45 0 9 51 0 10 46 0 11 78 0 12 76 0 13 119 0 14 153 0 15 165 0
0.769568 1.19734 9.675
104 83 67
12 1 133 0 0 216 0 2 177 0 3 92 0 4 162 0 5 115 0 6 80 0 7 58 0 8 46 0 9 50 0 10 47 0 13 118 0
0.231078 0.677899 9.36639
134 119 99
15 1 135 0 0 175 0 2 198 0 3 102 0 5 122 0 6 96 0 7 106 0 8 88 0 9 99 0 10 104 0 11 124 0 12 79 0 13 131 0 14 156 0 15 178 0
2.32853 0.441072 10.4356
109 95 80
10 1 138 0 0 204 0 2 202 0 3 113 0 4 141 0 5 127 0 6 109 0 7 128 0 8 112 0 10 103 0
2.32384 0.573909 10.6585
110 95 82
7 1 139 0 0 219 0 3 167 0 4 208 0 5 143 0 6 157 0 7 159 0
0.980324 1.36862 9.81823
152 133 111
8 1 143 0 0 187 0 3 208 0 4 174 0 5 175 0 6 141 0 7 97 0 8 76 0
1.22289 0.490199 9.76639
141 126 105
7 1 144 0 0 188 0 3 112 0 4 184 0 5 144 0 6 97 0 7 71 0
-1.67879 0.932029 11.2341
82 79 73
6 1 149 0 0 271 0 2 175 0 3 126 0 4 107 0 5 72 0
0.950322 0.0854313 9.71486
117 97 78
8 1 151 0 0 220 0 2 184 0 3 115 0 4 120 0 5 102 0 6 122 0 8 137 0
-0.0110126 0.892812 9.29742
119 92 71
4 1 152 0 0 209 0 2 160 0 5 100 0
-0.0100897 0.892398 9.29368
121 95 74
3 1 153 0 0 210 0 2 161 0
2.82744 0.232923 10.3845
95 77 65
3 1 156 0 0 217 0 2 168 0
-0.0858366 1.27024 9.36049
123 101 80
9 1 158 0 0 230 0 3 162 0 4 113 0 5 134 0 6 136 0 7 188 0 8 155 0 9 170 0
1.00236 0.271659 9.75225
106 89 70
13 1 160 0 0 239 0 5 165 0 6 112 0 8 99 0 9 100 0 10 99 0 11 115 0 12 90 0 13 135 0 14 144 0 15 154 0 16 223 0
2.41679 0.755268 10.4172
118 103 90
4 1 168 0 0 244 0 3 203 0 5 98 0
2.48962 0.494931 10.2577
96 80 71
3 1 173 0 0 284 0 3 151 0
0.729591 -0.477647 11.1614
65 59 54
4 1 181 0 0 212 0 3 85 0 5 76 0
2.28247 0.439058 10.4147
115 100 84
6 1 183 0 0 289 0 3 185 0 4 222 0 5 188 0 6 160 0
-0.534699 1.1518 9.90034
110 92 79
3 1 187 0 0 223 0 5 145 0
1.80197 0.847656 11.5569
104 91 80
5 1 188 0 0 276 0 3 233 0 5 120 0 4 63 0
2.37828 0.444715 10.4373
106 89 74
6 1 189 0 0 287 0 3 190 0 4 161 0 5 169 0 6 162 0
-0.102413 1.23738 9.36017
144 125 106
5 1 191 0 0 277 0 3 147 0 6 151 0 7 196 0
-1.62391 -0.542688 10.7303
130 132 129
5 1 192 0 0 250 0 3 114 0 4 115 0 5 124 0
0.201387 0.778379 9.3673
155 131 111
6 1 193 0 0 246 0 3 140 0 4 111 0 5 118 0 6 126 0
1.73021 -0.741916 12.1408
84 82 75
4 1 195 0 0 262 0 3 118 0 6 107 0
1.74352 0.61989 11.7043
123 108 96
4 1 196 0 0 264 0 4 56 0 5 129 0
1.80913 0.633005 11.5438
86 77 68
6 1 200 0 0 282 0 3 181 0 4 206 0 5 172 0 6 177 0
1.80913 0.633005 11.5438
86 77 68
6 1 201 0 0 283 0 3 180 0 4 205 0 5 173 0 6 178 0
-1.60268 0.112342 10.9474
88 88 83
6 1 210 0 0 296 0 3 191 0 4 185 0 5 186 0 6 170 0
-1.4835 -0.755778 10.7185
122 123 117
6 1 222 0 0 273 0 3 183 0 4 201 0 5 196 0 6 169 0
0.703776 0.722871 9.58157
121 101 81
8 1 228 0 0 290 0 3 211 0 4 215 0 8 167 0 10 146 0 12 132 0 13 179 0
-0.0537853 -0.745856 9.89153
138 117 99
3 1 232 0 0 280 0 3 237 0
1.05744 0.475346 9.74311
129 111 92
3 1 239 0 0 305 0 4 259 0
0.918713 -0.50946 10.6993
70 66 62
3 1 241 0 0 306 0 2 206 0
0.952651 -0.0749354 9.77854
143 124 105
3 1 244 0 0 311 0 3 264 0
1.0521 -1.24406 11.6926
114 110 101
3 1 249 0 0 326 0 2 219 0
1.20249 -1.25869 11.7507
102 99 93
5 1 250 0 0 325 0 2 218 0 4 267 0 5 246 0
1.11925 -1.18007 11.7681
28 26 27
5 1 251 0 0 327 0 2 220 0 3 271 0 6 234 0
-0.309019 1.3925 9.63782
173 155 137
3 1 259 0 0 337 0 5 257 0
0.217515 1.4306 9.41986
175 151 130
4 1 260 0 0 335 0 2 226 0 3 283 0
2.54428 0.769436 10.418
126 111 99
4 1 268 0 0 347 0 2 266 0 3 304 0
2.38647 0.890729 10.5011
84 70 57
4 1 269 0 0 346 0 2 268 0 3 305 0
1.14621 0.639916 9.82563
123 102 79
8 1 279 0 0 397 0 3 346 0 4 323 0 5 316 0 6 292 0 7 277 0 8 263 0
-0.116414 -0.655775 10.0585
25 21 17
7 1 280 0 0 378 0 2 254 0 3 326 0 6 270 0 7 252 0 8 240 0
-0.680941 0.420788 10.0804
120 105 90
3 1 286 0 0 370 0 3 313 0
-0.145665 -0.0109616 9.39096
142 125 109
5 1 287 0 0 375 0 2 250 0 3 320 0 7 259 0
1.24112 -1.14134 11.7903
23 22 21
7 1 291 0 0 379 0 3 329 0 5 294 0 11 296 0 8 241 0 7 263 0
2.33325 0.617135 10.705
84 74 68
4 1 293 0 0 398 0 2 261 0 5 309 0
2.37824 0.638596 10.7325
129 115 106
3 1 295 0 0 396 0 3 347 0
-0.138726 0.734562 9.17837
151 129 104
5 1 296 0 0 393 0 3 341 0 5 310 0 6 287 0
1.09838 0.809065 9.8949
39 31 21
5 1 298 0 0 382 0 3 337 0 5 306 0 6 283 0
1.26095 -1.27833 11.7952
109 104 90
5 2 77 0 0 95 0 3 22 0 4 26 0 5 21 0
2.41644 0.610256 10.5595
89 77 66
3 2 85 0 0 40 0 3 51 0
0.807502 1.19947 9.7233
137 125 112
7 2 90 0 0 64 0 3 38 0 4 75 0 5 44 0 6 53 0 1 229 0
0.220226 1.46195 9.52008
166 144 123
10 2 99 0 0 100 0 3 41 0 7 66 0 8 55 0 9 64 0 10 71 0 11 126 0 12 106 0 13 183 0
0.745985 1.42434 9.71186
134 121 106
9 2 102 0 0 111 0 3 40 0 5 42 0 7 43 0 8 41 0 9 39 0 10 38 0 11 43 0
-0.0395197 -2.11161 13.9716
85 77 66
3 2 131 0 0 173 0 4 73 0
0.699128 1.11613 9.66291
161 140 122
3 2 138 0 0 197 0 6 116 0
1.00924 0.118194 9.72309
106 91 75
8 2 172 0 0 143 0 1 216 0 5 111 0 6 92 0 7 180 0 9 108 0 11 221 0
-0.0617832 -0.019944 9.36732
153 135 119
3 2 174 0 0 151 0 6 74 0
0.977619 1.4099 9.82332
145 129 113
4 2 195 0 0 208 0 3 100 0 6 81 0
-1.70832 0.0648487 11.0553
91 90 86
3 2 201 0 0 203 0 5 67 0
1.05648 -1.24726 11.7103
103 97 86
7 2 228 0 0 355 0 1 277 0 3 272 0 4 268 0 5 247 0 6 233 0
1.83883 0.29545 11.7171
90 89 86
3 2 230 0 0 358 0 6 265 0
1.79289 0.167497 11.5318
56 48 41
3 2 249 0 0 373 0 3 318 0
1.18831 0.713134 9.84959
92 87 79
7 2 264 0 0 392 0 3 343 0 4 319 0 5 312 0 6 286 0 7 281 0
-0.209834 0.779679 9.38849
86 73 63
3 2 265 0 0 348 0 3 338 0
0.674631 -0.176952 10.0037
135 117 100
4 2 53 0 1 36 0 3 30 0 7 37 0
-0.138263 -0.0104349 9.37369
140 122 103
6 2 98 0 1 60 0 3 53 0 5 38 0 6 47 0 7 111 0
1.05553 0.840462 9.91614
30 22 15
6 2 123 0 1 16 0 3 44 0 4 52 0 5 46 0 6 27 0
2.37625 0.638689 10.7411
126 112 98
4 2 134 0 1 103 0 3 76 0 6 63 0
0.347517 1.04243 9.48497
148 120 99
5 2 145 0 1 86 0 3 64 0 4 175 0 5 88 0
0.138339 0.729581 9.3511
112 85 63
7 2 153 0 1 112 0 3 137 0 4 104 0 5 84 0 6 149 0 7 148 0
1.00849 0.117309 9.72214
108 92 74
7 2 171 0 1 217 0 3 95 0 4 114 0 5 110 0 6 93 0 7 181 0
-0.0695175 -0.232329 9.83863
143 119 100
5 2 187 0 1 148 0 3 87 0 5 180 0 6 44 0
0.695796 1.06907 9.64937
149 125 104
6 2 271 0 1 270 0 3 306 0 4 280 0 5 256 0 7 246 0
-0.0849681 0.0146119 9.32902
145 124 103
6 3 11 0 0 19 0 6 7 0 7 14 0 8 10 0 9 12 0
-0.203645 0.541078 9.1825
120 102 84
3 3 63 0 0 145 0 5 33 0
1.73028 -0.741823 12.1394
86 83 76
3 3 119 0 0 263 0 6 108 0
1.79259 -1.24769 12.0083
84 84 79
3 0 297 0 4 199 0 5 137 0
0.269705 0.761682 9.36523
128 103 83
5 3 156 0 0 225 0 4 176 0 9 142 0 11 152 0
0.270132 0.761347 9.36159
133 107 87
4 3 157 0 0 224 0 4 177 0 9 143 0
0.481584 1.00792 9.57576
129 108 86
6 3 158 0 0 251 0 5 194 0 6 165 0 7 202 0 9 176 0
1.88224 0.725431 11.3132
107 98 89
5 3 168 0 0 286 0 4 187 0 5 164 0 6 154 0
0.749339 0.398245 9.61705
157 134 114
3 3 171 0 0 237 0 7 139 0
0.749339 0.398245 9.61705
157 134 114
3 3 172 0 0 238 0 7 138 0
1.03398 1.33619 9.84841
116 99 84
6 3 218 0 0 256 0 6 193 0 9 121 0 11 134 0 13 157 0
0.319842 0.922387 9.35583
136 106 83
5 3 225 0 0 267 0 5 233 0 6 183 0 7 174 0
2.3962 0.300344 10.3855
86 69 56
3 3 236 0 0 249 0 4 246 0
-1.09419 1.43614 9.95716
79 80 75
3 3 252 0 0 254 0 1 234 0
1.20126 0.654687 9.83698
30 23 16
4 3 284 0 0 339 0 1 256 0 4 279 0
-2.95892 -0.144592 14.1411
90 87 79
3 3 309 0 0 357 0 5 291 0
2.33084 0.573207 10.6362
113 98 86
4 3 352 0 0 399 0 5 282 0 6 294 0
0.624381 0.54929 9.51084
108 86 63
7 3 1 0 1 1 0 2 4 0 4 1 0 5 2 0 7 2 0 9 1 0
1.0112 -0.995869 11.734
72 68 60
9 3 13 0 1 12 0 5 14 0 6 4 0 7 11 0 8 7 0 9 9 0 10 8 0 11 8 0
0.18492 0.434788 9.42421
149 125 104
3 3 34 0 1 23 0 6 21 0
0.320128 -1.21564 10.0842
124 108 87
13 3 93 0 1 154 0 2 192 0 4 116 0 5 89 0 6 54 0 8 21 0 9 31 0 10 33 0 11 149 0 12 142 0 13 177 0 14 197 0
0.369643 1.19372 9.50427
105 74 55
10 3 107 0 1 206 0 4 191 0 5 150 0 6 99 0 7 85 0 8 53 0 9 57 0 10 55 0 11 112 0
-1.63721 0.22528 10.9839
110 109 104
4 3 109 0 1 137 0 4 84 0 5 87 0
0.116001 -0.62329 9.85892
141 115 90
5 3 122 0 1 194 0 4 192 0 5 161 0 8 126 0
1.10144 -1.12135 11.7281
21 20 20
7 3 133 0 1 164 0 4 144 0 5 155 0 6 115 0 7 124 0 11 120 0
1.10157 -1.12129 11.7285
22 21 21
9 3 134 0 1 165 0 4 145 0 5 154 0 6 114 0 7 125 0 8 86 0 10 106 0 11 121 0
2.41657 0.326204 10.3694
116 99 85
3 3 155 0 1 180 0 5 123 0
0.570119 0.459291 9.47546
110 91 72
6 3 176 0 1 215 0 4 232 0 5 181 0 6 146 0 7 150 0
2.28262 0.439147 10.4165
111 95 79
6 3 184 0 1 184 0 4 223 0 5 189 0 6 159 0 7 144 0
-1.64022 0.365754 11.0242
114 115 111
4 3 186 0 1 211 0 5 142 0 6 164 0
2.45033 0.289915 10.3795
115 99 84
3 3 215 0 1 237 0 5 156 0
-0.689948 0.433517 10.1131
105 90 74
3 3 227 0 1 199 0 5 95 0
0.283022 1.03098 9.41263
160 137 110
4 3 254 0 1 233 0 4 252 0 5 217 0
2.35574 0.576517 10.6346
109 94 82
3 3 297 0 1 264 0 6 252 0
0.402898 -0.678335 10.2965
21 16 11
3 3 325 0 1 290 0 6 269 0
0.974618 1.4127 9.84153
136 120 104
3 3 334 0 1 302 0 7 251 0
1.19881 0.650999 9.83469
27 20 14
6 3 17 0 2 19 0 4 18 0 5 17 0 6 10 0 7 19 0
0.254911 1.08544 9.42871
154 127 104
4 3 83 0 2 146 0 4 93 0 5 79 0
2.0096 0.0965763 10.7856
71 59 48
3 3 106 0 2 181 0 6 78 0
-0.0526851 -0.0973439 9.55102
93 77 62
3 3 110 0 2 194 0 5 214 0
1.00847 -1.29956 11.7218
46 45 42
4 3 123 0 2 205 0 6 117 0 7 96 0
1.87249 0.221518 11.3071
50 42 32
3 3 293 0 2 239 0 6 249 0
1.20061 0.653389 9.84167
28 20 13
5 3 300 0 2 232 0 4 292 0 5 251 0 7 233 0
2.06245 0.43344 11.5039
103 92 83
4 4 272 0 0 369 0 1 272 0 5 260 0
0.0888645 0.705573 9.25514
128 113 94
8 4 318 0 0 395 0 5 313 0 7 272 0 8 234 0 9 229 0 10 248 0 11 285 0
0.755465 1.04844 9.64412
102 78 60
3 4 46 0 1 24 0 5 19 0
1.02189 0.949516 9.91344
141 121 101
3 4 188 0 1 157 0 5 125 0
1.15467 0.641033 9.82764
117 98 73
7 4 193 0 1 198 0 6 152 0 7 156 0 8 151 0 9 145 0 10 152 0
0.0844641 0.666585 9.2481
120 90 66
6 4 212 0 1 214 0 5 197 0 6 155 0 9 160 0 11 219 0
-0.190244 0.722971 9.2424
147 126 103
3 4 317 0 1 294 0 5 311 0
0.901309 -0.00345926 9.70174
141 121 94
3 4 61 0 2 157 0 5 66 0
1.78006 0.544637 11.8876
73 70 61
3 4 71 0 2 170 0 6 76 0
0.504206 -0.181701 9.96898
108 90 75
3 4 190 0 2 142 0 5 83 0
0.345097 0.23119 9.66059
143 117 96
8 4 95 0 3 111 0 5 107 0 6 101 0 7 134 0 8 98 0 9 101 0 10 76 0
-0.0850769 1.26974 9.35314
122 99 76
5 4 112 0 3 161 0 5 135 0 6 137 0 7 189 0
0.917401 1.38466 9.77474
136 123 112
3 4 123 0 3 80 0 5 70 0
0.132558 -1.2219 10.0989
141 115 90
10 4 136 0 3 165 0 5 163 0 6 166 0 7 185 0 8 162 0 10 178 0 11 190 0 12 165 0 13 197 0
0.522148 0.259117 9.58112
100 85 70
12 4 156 0 3 204 0 5 174 0 6 132 0 7 141 0 8 81 0 9 88 0 10 86 0 11 89 0 12 56 0 13 46 0 14 30 0
1.11784 1.17874 9.89848
129 115 99
7 4 167 0 3 163 0 5 159 0 6 142 0 7 164 0 8 142 0 10 143 0
1.10472 -1.20263 11.7061
21 18 19
8 4 178 0 3 143 0 5 152 0 6 139 0 7 153 0 8 141 0 9 128 0 11 129 0
-1.30348 0.639573 11.2638
100 99 92
5 4 214 0 3 201 0 5 195 0 6 180 0 7 190 0
1.40354 -0.890602 11.9461
76 72 65
8 4 239 0 3 206 0 5 207 0 6 161 0 7 151 0 8 111 0 9 115 0 10 108 0
1.40436 -0.891531 11.9544
79 75 68
3 4 240 0 3 205 0 5 206 0
0.205737 -0.161785 9.82366
126 112 95
7 4 248 0 3 242 0 6 182 0 10 196 0 12 129 0 14 172 0 15 128 0
0.167282 -1.14879 10.0256
200 185 159
3 4 281 0 3 287 0 5 278 0
0.929151 -0.838969 11.7566
68 62 57
7 5 5 0 0 8 0 6 0 0 7 3 0 8 1 0 9 3 0 10 0 0
2.04876 0.428954 11.3992
99 89 80
4 5 25 0 0 97 0 3 72 0 2 104 0
-1.63645 0.0360146 10.9196
121 122 119
4 5 114 0 0 241 0 4 110 0 6 163 0
1.78165 -0.767589 12.1534
105 104 99
4 5 213 0 0 299 0 6 187 0 7 166 0
1.77264 0.183834 11.5369
33 29 26
3 5 289 0 0 372 0 4 304 0
0.976066 1.41012 9.82683
143 127 110
3 5 302 0 0 385 0 6 259 0
0.633265 -1.1486 10.3446
49 46 43
3 5 241 0 2 217 0 6 230 0
0.398477 1.04923 9.5823
116 86 63
3 5 92 0 3 154 0 6 125 0
0.0269317 1.46457 9.4642
161 141 115
3 5 96 0 3 103 0 6 106 0
1.80375 0.84843 11.567
101 87 74
3 5 119 0 3 234 0 4 62 0
1.74569 0.62156 11.7035
111 97 84
4 5 128 0 3 149 0 6 150 0 7 203 0
0.237957 0.135067 9.60112
111 94 78
3 5 138 0 3 174 0 6 134 0
-0.0857947 -0.766139 9.89278
101 82 65
4 5 153 0 3 216 0 4 125 0 6 212 0
1.7916 0.69609 11.5314
80 68 59
3 5 162 0 3 224 0 6 198 0
1.26734 -1.194 11.7803
90 90 82
5 5 167 0 3 199 0 7 154 0 8 96 0 9 92 0
0.131905 0.118869 9.75434
163 129 107
3 5 170 0 3 222 0 6 192 0
0.807993 -0.34915 10.056
114 97 83
3 5 179 0 3 124 0 6 85 0
0.837576 -1.44138 12.1771
89 83 73
3 5 198 0 3 192 0 6 171 0
0.897392 0.361326 9.67022
114 98 80
4 5 211 0 3 160 0 6 118 0 7 108 0
-0.0953513 -0.0772359 9.39112
109 93 75
4 5 218 0 3 210 0 6 190 0 7 193 0
0.431924 -0.208291 9.93218
99 84 70
9 5 231 0 3 251 0 6 201 0 8 175 0 10 190 0 11 225 0 13 253 0 15 232 0 17 248 0
1.07934 0.737804 9.84039
118 96 73
3 5 253 0 3 280 0 6 242 0
1.09091 0.741517 9.85235
110 89 65
3 5 269 0 3 303 0 6 256 0
0.210154 1.46399 9.52474
160 138 114
7 5 274 0 3 307 0 7 249 0 8 252 0 9 251 0 10 272 0 11 311 0
0.143684 -1.12353 10.2098
124 107 85
3 5 280 0 3 332 0 6 278 0
1.26845 -1.1897 11.7855
90 91 84
8 5 296 0 3 330 0 6 274 0 7 264 0 8 243 0 9 235 0 10 247 0 11 298 0
0.191334 -1.13621 9.9898
193 180 155
6 5 298 0 3 345 0 6 290 0 9 221 0 10 224 0 11 249 0
0.350284 1.04248 9.46379
146 119 96
3 5 303 0 3 336 0 6 258 0
1.13124 0.682167 9.8437
126 105 79
6 5 315 0 3 333 0 4 320 0 2 263 0 6 289 0 7 280 0
0.705436 0.753825 9.54077
149 124 102
2 5 3 0 4 4 0
0.685188 0.476447 9.50303
115 93 72
2 5 8 0 4 8 0
-0.0680748 0.115192 9.32893
148 125 101
2 5 9 0 4 11 0
0.634189 -1.14925 10.2796
47 44 41
2 5 13 0 4 9 0
0.754929 1.04565 9.6263
100 76 58
2 5 18 0 4 47 0
-0.112648 -0.519125 10.1521
84 80 70
2 5 47 0 4 39 0
1.99221 0.276378 11.8135
92 79 67
2 5 52 0 4 219 0
0.613927 1.21294 9.65482
154 131 110
2 5 55 0 4 76 0
-0.123074 -0.658064 10.0959
19 15 11
2 5 60 0 4 108 0
1.21743 0.365103 9.78318
79 75 66
2 5 68 0 4 54 0
0.917542 1.38591 9.77782
136 124 112
2 5 71 0 4 122 0
0.088284 0.705242 9.24757
134 116 93
2 5 77 0 4 81 0
0.611197 1.13389 9.6459
148 122 101
2 5 82 0 4 92 0
0.4363 1.15575 9.5629
125 101 80
2 5 93 0 4 126 0
0.4363 1.15575 9.5629
125 101 80
2 5 94 0 4 127 0
0.389541 1.11414 9.51621
122 86 62
2 5 103 0 4 117 0
0.389541 1.11414 9.51621
122 86 62
2 5 104 0 4 118 0
-1.69856 0.405792 11.126
79 79 72
2 5 108 0 4 40 0
1.055 -0.546195 11.933
96 95 87
2 5 112 0 4 143 0
-0.0459776 -0.734437 9.85276
140 115 92
2 5 117 0 4 98 0
2.02414 0.430972 11.6033
100 87 78
2 5 132 0 4 196 0
-0.0128248 0.955988 9.38445
153 114 85
2 5 140 0 4 221 0
0.609554 -0.842681 10.2629
116 97 75
2 5 141 0 4 249 0
-1.64535 0.528874 11.0825
110 110 104
2 5 146 0 4 133 0
1.10455 -1.20229 11.7071
21 17 18
4 5 151 0 4 179 0 6 138 0 11 130 0
1.99251 0.806067 11.1271
103 93 84
2 5 157 0 4 189 0
-1.64173 0.145644 10.9662
120 121 116
2 5 182 0 4 202 0
1.09914 0.508623 9.70785
146 123 100
2 5 183 0 4 130 0
-0.122531 0.0431574 9.31581
108 88 73
2 5 190 0 4 203 0
-0.228937 1.33626 9.50954
171 150 123
2 5 191 0 4 160 0
1.78809 0.611986 11.6071
85 74 65
3 5 202 0 4 228 0 6 195 0
1.78809 0.611986 11.6071
85 74 65
3 5 203 0 4 229 0 6 196 0
-1.64949 0.819508 11.168
107 106 100
3 5 212 0 4 181 0 6 219 0
0.723154 0.747367 9.57295
153 127 104
3 5 228 0 4 236 0 6 188 0
0.151042 1.31624 9.46954
146 121 101
2 5 230 0 4 158 0
0.169121 -1.15078 10.018
197 184 158
2 5 245 0 4 266 0
0.621739 -1.12781 10.3391
47 45 42
2 5 297 0 4 314 0
0.0969899 0.630362 9.23844
131 116 100
3 6 70 0 0 161 0 7 92 0
1.0499 0.845955 9.94337
43 33 24
4 6 282 0 0 390 0 4 316 0 2 267 0
1.22226 0.489774 9.7629
137 122 100
6 6 298 0 1 284 0 4 306 0 3 321 0 7 253 0 8 236 0
-0.019349 -0.66168 9.90659
121 103 82
3 6 22 0 2 55 0 7 146 0
1.20183 -1.34069 11.9022
72 65 57
6 6 34 0 3 62 0 7 42 0 8 44 0 9 37 0 10 28 0
0.902962 0.73517 9.70636
125 103 76
5 6 62 0 3 99 0 7 29 0 8 29 0 9 20 0
0.896384 0.360939 9.67481
114 98 81
3 6 119 0 3 159 0 7 107 0
1.06905 -1.30411 11.7812
73 68 61
7 6 133 0 3 146 0 7 152 0 8 134 0 9 124 0 10 116 0 11 170 0
0.205386 -0.162625 9.82622
126 112 94
4 6 181 0 3 241 0 10 195 0 12 128 0
0.740888 -0.567477 11.7621
67 62 54
4 6 184 0 3 247 0 7 184 0 8 148 0
0.740888 -0.567477 11.7621
67 62 54
4 6 185 0 3 248 0 7 183 0 8 149 0
0.979916 -0.284552 11.9559
93 92 86
8 6 186 0 3 240 0 7 176 0 8 130 0 10 128 0 11 139 0 12 86 0 13 136 0
1.17765 -1.22786 11.7318
83 82 75
6 6 199 0 3 232 0 7 158 0 8 125 0 9 122 0 10 122 0
1.15703 -1.18809 11.7431
20 19 19
7 6 275 0 3 331 0 7 265 0 8 245 0 9 236 0 10 260 0 11 300 0
2.27088 0.511697 10.5982
92 79 67
4 6 295 0 3 354 0 7 274 0 9 247 0
2.20834 0.922381 10.6035
95 80 68
3 7 51 0 2 88 0 8 62 0
2.20834 0.922381 10.6035
100 85 73
3 7 52 0 2 87 0 8 63 0
1.12758 -1.17124 11.7299
30 30 30
5 7 13 0 5 16 0 8 6 0 9 7 0 10 7 0
0.981617 -0.282893 11.9512
94 93 87
4 7 177 0 5 224 0 8 131 0 10 129 0
0.910178 -0.644691 11.8076
83 80 74
8 7 208 0 5 229 0 8 181 0 10 163 0 11 192 0 12 125 0 13 176 0 14 193 0
0.553889 -0.586087 10.3246
118 101 84
6 7 4 0 6 1 0 8 3 0 9 4 0 10 2 0 11 0 0
0.862104 0.507259 9.59493
131 112 91
8 7 86 0 6 77 0 8 65 0 9 62 0 10 61 0 11 68 0 12 45 0 13 64 0
0.0716469 0.737354 9.26736
110 85 60
5 7 191 0 6 197 0 8 171 0 9 159 0 10 175 0
-0.0987338 -0.0775906 9.40123
107 91 73
3 7 192 0 6 189 0 8 174 0
1.03093 0.0776678 9.73433
125 110 92
5 7 195 0 6 210 0 8 145 0 9 166 0 10 191 0
1.1872 -1.12718 11.7663
29 28 27
6 7 198 0 6 207 0 8 157 0 9 150 0 10 140 0 11 137 0
0.957996 -0.181373 11.9845
83 84 80
7 7 213 0 6 214 0 8 183 0 10 161 0 12 123 0 13 170 0 14 162 0
0.893924 -1.3468 11.929
43 41 37
3 7 227 0 6 231 0 10 212 0
1.1055 -1.2017 11.7118
20 18 20
3 7 266 0 6 276 0 11 301 0
1.21338 -0.632912 11.9355
98 97 91
5 8 105 0 3 153 0 9 97 0 10 89 0 11 92 0
0.825837 -0.264661 11.8897
54 49 44
8 8 139 0 6 200 0 10 133 0 13 151 0 14 126 0 16 118 0 18 176 0 19 269 0
1.12795 -1.16952 11.7294
31 31 31
4 8 5 0 7 12 0 9 8 0 10 6 0
1.05581 0.332003 9.89603
134 112 87
3 8 12 0 7 18 0 9 11 0
-0.0503613 -0.175727 9.81437
127 107 88
6 8 13 0 7 20 0 9 14 0 10 14 0 11 15 0 12 14 0
0.900789 0.732716 9.71391
124 102 76
4 8 28 0 7 30 0 9 21 0 10 18 0
1.15985 -1.18694 11.7341
20 18 19
5 8 54 0 7 69 0 9 44 0 10 34 0 11 29 0
-1.70715 0.267487 11.1516
86 87 80
3 8 72 0 7 87 0 9 95 0
-0.0597251 -0.0251118 9.36037
132 116 97
4 8 133 0 7 142 0 9 158 0 10 150 0
0.146864 0.696152 9.30685
124 106 81
5 8 154 0 7 201 0 9 134 0 11 141 0 13 164 0
1.23816 -1.10072 11.8091
93 92 87
4 8 159 0 7 206 0 9 141 0 10 148 0
0.379846 -0.828379 11.5228
95 92 84
6 8 168 0 7 167 0 10 168 0 12 157 0 14 217 0 16 243 0
0.379846 -0.828379 11.5228
95 92 84
6 8 169 0 7 168 0 10 170 0 12 158 0 14 218 0 16 242 0
0.142684 0.581793 9.26155
130 110 87
4 8 176 0 7 209 0 9 165 0 10 189 0
1.04798 -1.22893 11.6802
88 85 76
4 8 193 0 7 225 0 9 190 0 10 214 0
-2.52015 -1.43639 12.6038
79 74 64
3 8 203 0 7 229 0 9 195 0
2.24871 0.452996 10.57
103 89 74
3 8 221 0 7 241 0 9 215 0
2.21813 0.489242 10.5649
19 13 8
3 8 223 0 7 271 0 9 214 0
0.393272 1.45298 9.54377
146 126 103
6 8 250 0 7 250 0 9 252 0 10 271 0 11 310 0 12 248 0
0.166327 1.34373 9.44541
137 121 105
6 9 104 0 4 86 0 10 110 0 11 165 0 12 139 0 13 226 0
1.10841 -1.12153 11.7201
22 21 21
7 9 218 0 4 312 0 6 272 0 3 328 0 8 229 0 10 257 0 11 297 0
0.868217 -0.383615 11.8948
63 57 51
4 9 13 0 7 17 0 10 16 0 11 16 0
0.848822 0.301689 9.68974
135 116 95
4 9 48 0 7 103 0 10 32 0 11 38 0
0.249037 -1.18726 10.0735
141 124 102
8 9 26 0 8 25 0 10 31 0 11 74 0 12 102 0 13 160 0 14 207 0 15 214 0
0.603828 0.98983 9.55371
93 75 59
3 9 28 0 8 23 0 10 36 0
0.286371 0.976444 9.39655
96 72 52
7 9 33 0 8 48 0 10 37 0 11 52 0 12 48 0 13 104 0 14 103 0
-1.58638 -0.923921 10.6225
59 59 52
4 9 58 0 8 30 0 10 75 0 12 161 0
-0.1466 1.44174 9.50142
137 121 100
3 9 72 0 8 43 0 10 130 0
0.779298 0.9265 9.7822
130 105 82
4 9 74 0 8 109 0 10 45 0 11 27 0
-5.91942 2.93409 14.3034
76 73 62
3 9 81 0 8 77 0 10 84 0
0.322533 -0.27216 11.6724
92 90 83
7 9 84 0 8 82 0 10 69 0 12 61 0 13 82 0 14 77 0 15 94 0
0.404939 -0.726808 10.2342
116 97 78
5 9 87 0 8 95 0 10 74 0 11 65 0 12 43 0
0.119155 1.46166 9.49794
139 124 105
3 9 127 0 8 122 0 10 156 0
0.15863 0.545947 9.25345
104 79 57
8 9 144 0 8 161 0 10 126 0 13 174 0 14 202 0 15 177 0 16 206 0 17 225 0
0.360208 -0.798974 11.5144
67 62 53
6 9 152 0 8 164 0 11 202 0 12 147 0 13 204 0 14 199 0
0.359891 -0.799065 11.5144
67 63 53
5 9 153 0 8 163 0 12 148 0 13 203 0 14 198 0
0.139615 0.582961 9.26611
128 110 87
5 9 163 0 8 177 0 10 188 0 11 195 0 12 163 0
0.411723 -1.27366 11.6743
42 39 35
3 9 202 0 8 208 0 10 226 0
0.188022 1.44667 9.5383
152 130 104
5 9 210 0 8 214 0 10 234 0 12 232 0 11 277 0
0.799494 0.704051 9.57063
133 114 95
7 10 22 0 2 39 0 11 30 0 12 34 0 13 54 0 14 97 0 15 198 0
2.26004 0.375219 10.347
96 79 62
6 10 25 0 9 27 0 11 32 0 12 19 0 13 29 0 14 48 0
0.656993 -0.0111566 10.8798
101 91 80
3 10 26 0 9 29 0 11 34 0
0.230843 0.969407 9.39766
134 109 88
4 10 63 0 9 38 0 11 111 0 12 121 0
0.177381 -0.111914 11.6683
61 57 49
8 10 67 0 9 77 0 11 71 0 12 54 0 13 85 0 14 71 0 15 78 0 16 100 0
2.22536 0.431651 10.3694
17 13 9
4 10 82 0 9 66 0 11 63 0 12 20 0
2.22536 0.431651 10.3694
17 13 9
4 10 83 0 9 65 0 11 62 0 12 21 0
2.251 0.43896 10.4002
107 92 74
5 10 85 0 9 85 0 11 88 0 12 64 0 13 84 0
1.2052 -0.63297 11.9511
96 96 89
3 10 90 0 9 96 0 11 91 0
-6.27738 2.81295 14.0062
145 145 140
3 10 158 0 9 157 0 11 168 0
-6.20378 2.94839 14.0334
81 78 69
3 10 177 0 9 151 0 11 214 0
-1.60626 -0.921974 10.6439
68 68 61
3 10 264 0 9 224 0 12 271 0
2.5567 0.259959 10.3119
79 64 53
4 11 181 0 3 229 0 12 136 0 13 201 0
2.5567 0.259959 10.3119
79 64 53
4 11 182 0 3 228 0 12 137 0 13 200 0
2.22635 0.454903 10.3703
21 16 12
5 11 275 0 9 244 0 10 277 0 12 239 0 14 302 0
-1.60179 -0.995077 10.7691
76 70 60
4 11 280 0 9 219 0 10 267 0 12 270 0
1.00514 0.581982 9.65028
140 118 95
9 11 6 0 10 11 0 12 4 0 13 2 0 14 4 0 15 8 0 16 11 0 17 11 0 18 10 0
0.522133 -1.23008 11.4524
40 40 39
5 11 39 0 10 19 0 14 137 0 13 180 0 12 135 0
0.681797 0.775166 11.1817
106 95 85
3 11 40 0 10 56 0 12 17 0
0.0931634 1.4448 9.45722
139 120 96
3 11 69 0 10 54 0 12 65 0
0.308917 0.731967 11.9864
62 58 54
4 11 80 0 10 73 0 12 53 0 13 68 0
1.23188 0.496826 9.753
149 132 108
7 11 107 0 10 77 0 12 80 0 13 144 0 14 163 0 15 171 0 16 213 0
0.243305 0.736361 11.968
60 57 52
4 11 127 0 10 135 0 12 92 0 13 94 0
2.4281 0.178818 10.3434
66 50 37
3 11 138 0 10 134 0 12 83 0
0.328966 1.17424 9.49808
103 76 57
3 11 151 0 10 88 0 12 134 0
0.154581 1.06277 9.42537
96 73 52
3 11 167 0 10 117 0 12 171 0
1.23132 0.560601 9.76925
108 93 69
3 11 187 0 10 187 0 12 107 0
2.46752 0.176162 10.3539
66 50 37
4 11 204 0 10 154 0 12 156 0 13 252 0
2.22593 0.432638 10.3658
22 16 11
5 11 319 0 10 282 0 12 292 0 13 429 0 15 321 0
0.444488 1.06577 9.57269
133 101 77
4 12 7 0 11 5 0 13 6 0 14 7 0
0.80793 1.04205 9.70796
132 113 92
7 12 9 0 11 13 0 13 5 0 14 5 0 15 11 0 16 12 0 17 10 0
0.626938 0.106197 9.74129
102 90 77
3 12 16 0 11 22 0 13 39 0
-7.54696 3.05947 13.4451
123 120 111
3 12 25 0 11 36 0 13 36 0
0.998256 0.497916 9.65305
106 85 62
7 12 35 0 11 42 0 13 43 0 14 61 0 15 96 0 16 140 0 17 262 0
0.136337 -0.174855 9.81503
118 104 90
5 12 42 0 11 53 0 13 80 0 14 101 0 15 123 0
0.522438 -0.129577 9.97961
136 115 96
4 12 46 0 11 101 0 13 72 0 14 122 0
-0.0701475 0.0293064 9.32086
131 114 98
6 12 50 0 11 44 0 13 93 0 14 112 0 15 115 0 16 175 0
0.193577 0.741246 11.9349
66 62 58
3 12 60 0 11 84 0 13 71 0
2.61025 0.418714 10.2052
84 71 59
5 12 63 0 11 73 0 13 123 0 14 150 0 15 151 0
-0.394913 1.81579 8.58801
89 86 77
3 12 66 0 11 59 0 13 101 0
0.116247 0.694628 9.28445
107 81 57
5 12 69 0 11 100 0 13 143 0 14 169 0 15 184 0
0.334025 0.767479 11.9827
88 87 82
3 12 70 0 11 90 0 13 92 0
1.22926 0.450338 9.74895
109 95 79
6 12 77 0 11 135 0 13 113 0 14 107 0 15 80 0 16 90 0
0.226175 0.227808 9.60788
143 118 96
3 12 113 0 11 177 0 13 150 0
-0.129711 0.0497557 9.30382
98 82 66
3 12 115 0 11 122 0 14 225 0
-7.59546 2.99653 13.4244
107 98 87
3 12 127 0 11 147 0 13 194 0
-0.0213916 1.83083 8.6077
69 67 55
5 12 140 0 11 227 0 14 189 0 16 187 0 17 251 0
-7.59574 3.06439 13.3487
135 123 99
3 12 144 0 11 178 0 13 224 0
0.978235 1.31012 9.78037
139 122 105
12 12 150 0 11 211 0 13 166 0 14 152 0 15 118 0 16 134 0 17 138 0 18 140 0 19 210 0 20 162 0 21 183 0 22 149 0
0.409106 0.533352 9.41052
121 104 83
5 12 153 0 11 206 0 13 261 0 14 224 0 15 240 0
-0.417386 1.87588 8.52905
118 117 112
3 12 162 0 11 203 0 13 209 0
-0.0655162 1.82659 8.64027
108 107 98
6 12 168 0 11 208 0 13 230 0 14 214 0 16 201 0 18 201 0
0.372585 -1.10353 10.0053
141 124 99
5 12 175 0 11 200 0 14 220 0 15 202 0 16 231 0
-7.42576 3.02821 13.3646
122 120 111
3 12 243 0 11 274 0 13 451 0
2.25429 0.437518 10.3927
109 93 75
5 13 347 0 9 243 0 11 306 0 10 281 0 12 293 0
0.152062 0.656303 9.28728
131 111 88
6 13 195 0 10 182 0 14 194 0 15 183 0 16 200 0 17 263 0
-7.1553 3.43319 12.1806
123 118 110
3 13 38 0 12 33 0 14 47 0
0.199168 1.31551 9.45864
100 81 62
7 13 42 0 12 27 0 14 41 0 15 54 0 16 79 0 17 87 0 18 145 0
0.766062 1.09368 9.64767
104 81 63
3 13 47 0 12 31 0 15 152 0
0.585421 0.495014 10.9648
12 7 6
4 13 55 0 12 67 0 14 28 0 15 23 0
0.867114 0.506441 9.59192
129 111 91
10 13 63 0 12 44 0 14 64 0 15 67 0 16 78 0 17 78 0 18 87 0 19 144 0 20 124 0 21 167 0
-7.16167 1.96358 11.8439
109 105 96
4 13 69 0 12 49 0 14 70 0 15 99 0
2.67121 0.517963 10.2207
119 105 89
3 13 124 0 12 81 0 14 124 0
-7.18645 3.47785 12.2761
65 59 52
3 13 128 0 12 85 0 14 113 0
0.453261 0.0984182 9.84502
137 116 96
3 13 140 0 12 154 0 14 121 0
0.2085 0.715457 9.35133
109 85 63
4 13 168 0 12 89 0 14 180 0 15 200 0
1.15769 1.19057 9.85487
109 92 75
3 13 175 0 12 124 0 15 168 0
0.000896038 0.164346 9.57961
148 120 100
6 13 210 0 12 152 0 14 149 0 15 139 0 18 74 0 19 45 0
2.65744 0.301815 10.2544
121 105 90
3 13 212 0 12 118 0 14 176 0
2.66653 0.299991 10.2447
126 112 96
5 13 213 0 12 116 0 14 178 0 16 182 0 17 243 0
-7.09903 1.8185 11.8832
111 107 99
4 13 216 0 12 146 0 14 210 0 15 160 0
-0.227282 -0.27396 11.4377
91 91 86
3 13 232 0 12 170 0 15 188 0
-0.227282 -0.27396 11.4377
91 91 86
3 13 233 0 12 169 0 15 190 0
0.197691 1.80047 8.74883
104 104 99
5 13 238 0 12 178 0 15 185 0 16 142 0 18 138 0
0.999155 0.555541 9.66175
148 125 102
3 13 254 0 12 176 0 14 192 0
0.537409 0.133741 10.9837
117 102 88
4 13 269 0 12 182 0 14 244 0 15 245 0
-7.22857 1.68854 12.0541
130 125 121
3 13 295 0 12 203 0 14 266 0
-7.25103 1.78789 11.9518
21 19 18
3 13 296 0 12 204 0 14 268 0
-6.81655 1.83363 11.8131
113 109 103
3 13 297 0 12 205 0 14 269 0
-7.18925 1.78453 11.8634
21 19 17
3 13 383 0 12 268 0 15 385 0
-0.0887113 0.0537876 9.28379
106 89 72
3 13 391 0 12 272 0 14 297 0
-0.151279 0.188481 9.31456
141 138 133
3 13 394 0 12 275 0 14 363 0
-6.89175 1.79581 11.8697
113 108 101
3 13 397 0 12 278 0 14 364 0
-7.148 3.44073 12.1694
120 113 105
3 13 419 0 12 296 0 14 386 0
0.150727 0.694202 9.30331
127 108 82
3 13 165 0 11 140 0 14 181 0
0.446085 0.907136 9.40128
93 74 56
4 14 2 0 13 0 0 15 4 0 16 5 0
2.56211 0.168068 10.3891
82 63 50
3 14 20 0 13 24 0 15 17 0
2.64264 0.186336 10.3936
140 121 103
3 14 22 0 13 26 0 15 18 0
2.34571 0.189253 10.3178
91 75 60
4 14 34 0 13 57 0 15 33 0 16 37 0
0.329622 1.07441 9.4577
121 104 86
4 14 35 0 13 49 0 15 43 0 16 54 0
0.696453 0.0917303 9.75997
99 87 73
3 14 37 0 13 32 0 15 70 0
2.67981 0.271447 10.2687
95 78 65
4 14 46 0 13 41 0 16 49 0 17 36 0
-0.0655658 -0.303141 9.86319
129 107 88
3 14 50 0 13 21 0 15 65 0
1.04985 -0.0760462 9.78029
127 108 86
4 14 57 0 13 52 0 15 61 0 16 60 0
2.54004 0.141915 10.4258
110 98 82
3 14 60 0 13 87 0 15 59 0
2.79543 0.253671 10.2891
99 83 69
5 14 68 0 13 70 0 15 69 0 16 85 0 17 117 0
0.165731 -0.109916 11.6761
61 58 50
4 14 72 0 13 86 0 15 79 0 16 99 0
2.72551 0.172225 10.414
139 124 107
8 14 74 0 13 98 0 15 57 0 16 51 0 17 47 0 18 48 0 19 71 0 21 66 0
1.06718 0.627038 10.0643
119 104 86
3 14 79 0 13 247 0 15 34 0
2.87812 0.274018 10.2925
128 115 98
5 14 80 0 13 103 0 15 91 0 16 88 0 17 100 0
0.372389 1.14768 9.5104
124 104 83
6 14 85 0 13 108 0 15 97 0 16 102 0 17 122 0 18 125 0
0.209207 1.17328 9.46935
131 105 86
3 14 104 0 13 44 0 15 174 0
0.342183 1.1251 9.48707
122 101 82
6 14 106 0 13 106 0 15 103 0 16 129 0 17 183 0 18 197 0
0.987221 -0.0103041 9.91132
127 112 92
5 14 118 0 13 228 0 15 58 0 16 34 0 17 21 0
0.395154 1.08293 9.52187
122 101 82
4 14 132 0 13 138 0 15 116 0 16 136 0
0.060728 -0.161477 11.6184
65 63 56
6 14 140 0 13 145 0 15 119 0 16 146 0 17 206 0 18 229 0
0.978138 1.31041 9.7804
140 123 105
10 14 151 0 13 167 0 15 117 0 16 133 0 17 139 0 18 141 0 19 211 0 20 161 0 21 184 0 22 150 0
2.79949 0.161035 10.4419
139 122 106
8 14 154 0 13 172 0 15 148 0 16 147 0 17 184 0 18 179 0 19 240 0 21 231 0
2.68911 0.14955 10.4255
66 50 38
5 14 188 0 13 199 0 15 163 0 16 171 0 17 236 0
1.24355 0.566856 9.82903
147 135 114
3 14 191 0 13 231 0 15 175 0
0.248907 -1.18806 10.0732
142 125 105
3 14 208 0 13 161 0 15 215 0
2.82899 0.419405 10.2351
128 116 98
4 14 212 0 13 239 0 15 213 0 16 239 0
0.574213 -0.549511 11.7108
62 56 51
4 14 215 0 13 236 0 15 228 0 16 232 0
0.389127 -0.722747 9.92654
87 71 55
6 14 219 0 13 244 0 15 187 0 16 185 0 17 191 0 18 220 0
2.82301 0.398066 10.2427
101 84 69
3 14 221 0 13 220 0 15 239 0
-0.0118284 -0.00914158 9.4466
132 113 90
12 14 222 0 13 262 0 15 156 0 16 141 0 17 147 0 18 129 0 19 173 0 20 118 0 21 112 0 22 94 0 23 95 0 24 80 0
2.63656 0.183998 10.39
130 109 88
4 14 305 0 13 336 0 15 322 0 16 326 0
0.241994 0.674342 9.36202
122 108 86
3 14 343 0 13 373 0 15 401 0
0.566297 0.533518 10.9233
110 93 75
6 14 417 0 13 430 0 15 444 0 17 468 0 18 495 0 19 672 0
0.733606 0.457945 10.9244
67 65 60
3 15 87 0 13 19 0 14 51 0
0.17999 -1.13226 9.98078
192 179 156
8 15 274 0 13 293 0 17 314 0 20 322 0 21 350 0 22 288 0 23 620 0 24 610 0
2.87501 0.275453 10.2935
128 115 98
3 15 426 0 13 351 0 16 377 0
-0.0643673 -0.673145 9.86188
102 85 69
3 15 7 0 14 3 0 16 14 0
0.393062 0.0969398 9.79492
136 114 94
3 15 39 0 14 38 0 16 50 0
2.87358 0.154814 10.4656
138 119 99
4 15 40 0 14 45 0 16 31 0 17 25 0
1.14316 0.450279 10.1427
144 126 103
10 15 52 0 14 75 0 16 35 0 17 26 0 19 22 0 20 23 0 21 11 0 22 14 0 23 28 0 24 29 0
2.86796 0.135268 10.5071
86 68 54
4 15 62 0 14 236 0 16 47 0 17 41 0
0.0232029 0.19909 9.47748
140 115 92
8 15 72 0 14 120 0 16 63 0 17 44 0 18 38 0 19 53 0 20 43 0 21 36 0
0.746848 0.213026 11.0324
13 9 8
3 15 77 0 14 173 0 16 32 0
-0.0374688 0.789385 9.24489
104 84 65
3 15 81 0 14 59 0 16 132 0
0.423828 0.242146 9.64815
128 109 92
3 15 82 0 14 91 0 16 74 0
0.784957 0.394581 9.59683
131 112 92
4 15 85 0 14 83 0 16 110 0 17 179 0
0.986406 0.805144 10.0493
139 124 107
9 15 95 0 14 148 0 16 62 0 17 49 0 18 37 0 19 36 0 20 31 0 21 20 0 22 26 0
2.84796 0.134538 10.4668
88 70 54
3 15 104 0 14 98 0 16 145 0
0.502019 -0.922516 10.1337
132 112 86
10 15 108 0 14 129 0 16 98 0 17 90 0 18 90 0 19 122 0 20 102 0 21 85 0 22 89 0 23 124 0
2.80519 0.140331 10.4593
88 72 57
3 15 124 0 14 164 0 16 122 0
1.05029 0.690064 10.0448
127 111 93
11 15 145 0 14 231 0 16 103 0 17 80 0 19 104 0 18 75 0 20 81 0 21 68 0 22 74 0 23 76 0 24 25 0
0.780885 1.08087 9.67735
136 107 82
7 15 166 0 14 216 0 17 146 0 19 132 0 20 122 0 21 136 0 22 128 0
0.396575 1.05429 9.49281
100 73 52
3 15 180 0 14 232 0 16 172 0
1.10279 0.326345 9.85791
161 132 104
6 15 234 0 14 185 0 16 189 0 17 222 0 18 216 0 19 276 0
0.623253 0.100292 10.9948
125 109 89
4 15 248 0 14 248 0 16 254 0 17 267 0
0.580092 -0.428836 10.3891
114 98 81
3 15 319 0 14 298 0 16 371 0
0.635144 0.360539 10.9621
123 104 83
8 15 371 0 14 350 0 17 331 0 18 308 0 19 394 0 20 346 0 22 309 0 24 430 0
0.985181 0.805473 10.0498
137 123 106
5 15 411 0 14 379 0 16 374 0 17 435 0 18 370 0
2.68303 0.393344 10.2039
139 127 108
3 15 428 0 14 327 0 16 376 0
0.0668894 0.021202 9.35559
110 92 71
3 16 256 0 13 270 0 14 246 0
0.747332 1.41498 9.68944
115 105 94
3 16 67 0 14 24 0 17 91 0
1.26555 1.25274 9.95703
148 133 110
4 16 108 0 14 160 0 17 89 0 19 92 0
0.826714 0.359701 9.60637
94 77 61
3 16 125 0 14 127 0 17 213 0
0.235722 1.82276 8.74062
63 61 54
3 16 130 0 14 56 0 17 162 0
1.15284 0.480334 10.098
141 121 97
10 16 131 0 14 187 0 17 115 0 18 96 0 19 120 0 20 97 0 21 82 0 22 84 0 23 99 0 24 77 0
0.990741 0.617268 10.2143
114 98 77
3 16 3 0 15 5 0 17 0 0
3.00807 0.118932 10.5515
101 87 71
3 16 57 0 15 53 0 17 34 0
1.11938 0.247295 9.93603
106 90 67
10 16 61 0 15 76 0 17 58 0 18 50 0 19 74 0 20 69 0 21 40 0 22 51 0 23 48 0 24 22 0
0.944038 0.254664 10.5787
113 97 79
7 16 73 0 15 74 0 17 48 0 18 33 0 19 35 0 20 29 0 21 17 0
2.87843 0.273504 10.2923
134 122 106
4 16 89 0 15 90 0 17 101 0 19 179 0
0.547593 0.366276 9.55837
98 82 65
3 16 93 0 15 66 0 17 163 0
2.26697 -0.0276553 11.1289
140 124 105
8 16 95 0 15 112 0 17 111 0 18 103 0 19 153 0 20 119 0 21 126 0 22 86 0
3.07797 0.195905 10.4326
97 84 69
3 16 104 0 15 84 0 17 148 0
0.235741 -1.03699 9.85675
93 80 64
4 16 109 0 15 106 0 17 126 0 18 152 0
0.995352 0.860096 10.0425
111 96 79
7 16 114 0 15 153 0 17 113 0 18 82 0 19 83 0 20 75 0 22 57 0
0.215293 1.27481 9.47187
105 96 84
6 16 124 0 15 121 0 17 140 0 18 121 0 19 155 0 20 175 0
2.66978 0.0606952 10.8831
147 131 111
5 16 150 0 15 176 0 17 160 0 18 120 0 19 128 0
1.01722 -0.0471293 9.87261
91 77 60
4 16 153 0 15 243 0 17 116 0 19 65 0
2.27919 -0.0118524 11.0639
136 123 105
9 16 157 0 15 203 0 17 86 0 18 43 0 19 54 0 20 49 0 21 26 0 22 33 0 23 23 0
2.57319 0.247234 10.3275
88 72 59
3 16 158 0 15 210 0 17 231 0
2.73639 0.0836166 10.7782
106 95 81
4 16 161 0 15 196 0 17 173 0 18 172 0
2.7933 0.0882368 10.755
145 129 110
4 16 174 0 15 219 0 17 171 0 18 157 0
0.281991 0.760942 9.36131
93 77 61
3 16 198 0 15 164 0 17 259 0
2.73369 0.148429 10.4354
83 65 51
3 16 214 0 15 224 0 17 212 0
-0.61047 -0.33729 11.2924
62 61 55
3 16 215 0 15 182 0 17 253 0
0.432722 1.2351 9.56042
129 113 97
4 16 224 0 15 235 0 17 216 0 18 236 0
0.512777 -0.510494 10.3434
123 109 92
4 16 257 0 15 249 0 17 270 0 18 243 0
0.698225 0.171276 11.0324
117 100 81
4 16 273 0 15 315 0 17 304 0 18 312 0
0.703278 0.22544 11.0661
14 10 8
4 16 363 0 15 354 0 17 402 0 18 384 0
0.684294 0.20122 11.0366
130 110 89
4 16 366 0 15 397 0 17 397 0 22 539 0
2.58502 0.167274 10.3761
83 66 52
6 16 383 0 15 420 0 17 439 0 18 509 0 19 690 0 20 634 0
1.13085 1.17078 9.87318
124 112 96
7 17 75 0 15 131 0 18 51 0 19 59 0 20 42 0 21 28 0 22 36 0
0.391679 -0.723069 9.92619
85 70 55
4 17 193 0 15 186 0 18 218 0 19 287 0
0.60524 0.555015 9.49838
89 73 54
4 17 2 0 16 1 0 18 1 0 19 2 0
1.26612 0.55224 9.8144
140 124 99
4 17 40 0 16 77 0 18 30 0 19 28 0
2.11368 -0.0182983 11.056
139 122 102
7 17 46 0 16 76 0 18 35 0 19 43 0 20 58 0 22 41 0 23 37 0
0.439797 0.237805 9.64285
128 110 93
4 17 56 0 16 75 0 18 22 0 19 62 0
0.776703 0.616608 10.5651
122 109 92
6 17 69 0 16 83 0 18 68 0 22 61 0 23 62 0 24 30 0
0.791154 1.15899 9.71
132 115 97
8 17 77 0 16 65 0 18 81 0 19 103 0 20 95 0 21 87 0 22 93 0 23 118 0
2.87827 0.273578 10.2923
136 123 107
3 17 99 0 16 87 0 19 180 0
2.91409 0.189483 10.4109
133 120 103
3 17 120 0 16 155 0 19 100 0
1.05705 -0.105103 9.82624
90 75 59
3 17 129 0 16 120 0 18 127 0
2.61366 0.0101601 11.0486
92 82 70
4 17 130 0 16 144 0 18 109 0 19 124 0
0.206087 -0.159321 9.82519
116 103 89
3 17 135 0 16 106 0 18 205 0
0.800581 0.608674 10.495
83 71 58
7 17 142 0 16 244 0 18 58 0 19 61 0 20 53 0 21 46 0 22 48 0
2.69488 0.335769 10.219
94 81 69
3 17 170 0 16 117 0 18 232 0
2.79986 0.1893 10.39
98 80 66
4 17 188 0 16 194 0 18 144 0 19 160 0
0.445785 -0.183788 9.92273
117 103 88
4 17 201 0 16 165 0 18 178 0 19 273 0
2.69696 0.20141 10.3306
96 78 66
5 17 207 0 16 227 0 18 148 0 19 175 0 20 163 0
2.23208 -0.0476419 11.2019
128 115 97
4 17 208 0 16 229 0 18 187 0 20 193 0
2.23208 -0.0476419 11.2019
128 115 97
4 17 209 0 16 228 0 18 186 0 20 192 0
2.70335 0.0428917 10.9633
159 142 121
3 17 218 0 16 180 0 18 228 0
-0.11217 0.627142 9.21668
98 82 64
3 17 268 0 16 255 0 18 245 0
-0.029905 0.964553 9.34422
41 37 30
3 17 336 0 16 287 0 18 386 0
0.602951 0.354405 10.9807
124 103 82
8 17 366 0 16 340 0 21 461 0 20 428 0 18 383 0 19 474 0 22 379 0 23 571 0
0.637423 0.314152 10.99
130 109 86
7 17 456 0 16 360 0 19 736 0 20 647 0 21 661 0 22 543 0 23 787 0
-0.0656942 -0.117795 9.63233
101 83 66
4 18 12 0 17 15 0 19 11 0 20 5 0
2.45963 0.175177 10.3334
80 62 50
5 18 42 0 17 22 0 19 90 0 20 100 0 21 128 0
0.962884 1.30338 9.73815
94 77 62
3 18 45 0 17 33 0 19 77 0
0.797374 0.610325 10.4961
86 73 61
7 18 59 0 17 141 0 19 60 0 20 54 0 21 45 0 22 49 0 23 52 0
0.837234 0.741614 9.56574
86 70 53
3 18 63 0 17 30 0 19 239 0
2.60501 0.0292393 10.9571
115 104 86
3 18 66 0 17 73 0 19 75 0
1.24345 0.446411 9.7397
107 94 78
3 18 76 0 17 54 0 19 106 0
1.0834 0.00125894 9.80196
100 87 67
3 18 78 0 17 137 0 19 94 0
0.996975 0.859487 10.0427
113 97 81
7 18 83 0 17 112 0 19 82 0 20 76 0 21 60 0 22 58 0 23 71 0
2.33853 -0.0886778 11.3679
111 99 86
3 18 86 0 17 102 0 22 46 0
2.80058 0.14883 10.4638
97 78 63
3 18 98 0 17 123 0 19 140 0
2.7224 0.217293 10.3342
131 117 101
3 18 100 0 17 104 0 19 115 0
0.969617 1.26181 9.75916
128 112 90
6 18 106 0 17 107 0 19 133 0 20 105 0 21 119 0 22 129 0
2.79851 -0.0328332 11.2108
104 94 82
3 18 119 0 17 124 0 19 148 0
2.38547 -0.00851993 11.0696
99 88 76
6 18 122 0 17 166 0 19 123 0 20 109 0 22 121 0 23 166 0
2.76334 0.0885019 10.7115
115 102 84
3 18 135 0 17 93 0 19 199 0
2.76334 0.0885019 10.7115
115 102 84
3 18 136 0 17 92 0 19 198 0
0.196294 0.511173 9.30909
85 69 55
3 18 150 0 17 149 0 19 214 0
1.15402 1.07505 9.93274
141 114 93
6 18 153 0 17 220 0 19 149 0 20 114 0 21 105 0 22 110 0
2.57003 -0.0313975 11.2046
167 148 127
3 18 155 0 17 153 0 19 204 0
2.57003 -0.0313975 11.2046
167 148 127
3 18 156 0 17 152 0 19 203 0
2.41503 0.0990048 10.6708
148 135 118
7 18 160 0 17 178 0 19 268 0 20 182 0 21 197 0 22 148 0 23 188 0
2.67012 -0.0442153 11.2695
104 93 82
3 18 165 0 17 168 0 19 174 0
2.44092 -0.0725216 11.3091
109 94 78
6 18 167 0 17 232 0 19 183 0 20 148 0 21 149 0 22 144 0
0.404225 1.18974 9.5416
123 108 92
3 18 168 0 17 121 0 19 263 0
0.00175544 0.0293163 9.46986
98 78 58
8 18 170 0 17 217 0 19 184 0 20 123 0 21 127 0 22 111 0 23 119 0 24 104 0
2.65719 -0.0186666 11.185
104 94 82
3 18 184 0 17 235 0 19 188 0
1.25127 0.433271 9.76965
153 134 108
7 18 202 0 17 250 0 19 235 0 20 202 0 21 168 0 22 166 0 23 173 0
0.397899 -0.724126 9.9255
81 67 53
4 18 219 0 17 192 0 19 286 0 20 177 0
0.641404 0.421371 10.9959
23 18 13
5 18 491 0 17 462 0 19 684 0 20 643 0 22 550 0
2.46679 0.176487 10.3354
80 61 47
3 18 506 0 17 436 0 19 674 0
2.56921 -0.0332256 11.2053
162 143 123
3 18 511 0 17 438 0 19 694 0
0.882642 0.716845 10.2943
127 111 88
6 19 81 0 17 85 0 20 71 0 22 43 0 23 47 0 24 26 0
0.672667 0.328785 11.0458
85 81 75
6 19 145 0 17 196 0 20 111 0 21 98 0 22 97 0 23 301 0
0.233248 -1.11069 10.0115
100 88 72
4 19 642 0 17 407 0 18 467 0 20 602 0
0.272116 0.533798 9.3573
80 65 51
3 19 14 0 18 7 0 20 17 0
1.24692 0.404402 9.76865
148 131 108
4 19 20 0 18 16 0 22 16 0 23 32 0
0.014002 0.201988 9.4771
138 113 90
5 19 52 0 18 39 0 20 44 0 21 37 0 22 37 0
0.967229 -0.33689 11.9107
85 85 82
3 19 67 0 18 31 0 20 74 0
2.28241 0.127416 10.5049
142 128 110
3 19 89 0 18 62 0 21 118 0
2.46718 -0.0337548 11.1432
136 122 105
3 19 101 0 18 92 0 20 107 0
2.52063 -0.0157854 11.1253
111 100 85
4 19 111 0 18 97 0 20 90 0 21 78 0
0.533309 -0.296185 10.3712
121 106 88
7 19 114 0 18 204 0 20 83 0 21 48 0 22 65 0 23 63 0 24 46 0
0.157043 0.145121 9.57639
92 80 67
5 19 130 0 18 142 0 20 139 0 21 146 0 22 103 0
0.0952789 -1.2093 10.0822
133 111 90
6 19 152 0 18 108 0 20 106 0 21 122 0 22 127 0 23 231 0
2.6802 0.209109 10.3324
97 79 67
3 19 176 0 18 149 0 20 164 0
0.39203 -0.771579 9.91134
88 71 55
4 19 197 0 18 130 0 20 171 0 21 242 0
1.86721 -0.143406 11.5528
142 127 110
4 19 209 0 18 233 0 20 133 0 21 114 0
-0.763136 -1.04201 10.9689
107 101 89
5 19 251 0 18 230 0 20 216 0 21 191 0 22 161 0
0.00749864 0.0954948 9.43725
122 102 78
4 19 255 0 18 223 0 23 200 0 24 171 0
1.13567 0.662554 9.75695
87 73 56
3 19 309 0 18 260 0 20 281 0
0.661107 0.352387 11.0659
92 89 81
6 19 396 0 18 318 0 21 380 0 22 312 0 23 497 0 24 434 0
1.88073 -0.148482 11.5507
146 132 115
6 19 680 0 18 503 0 20 641 0 21 657 0 22 552 0 23 777 0
0.586725 0.398764 11.0272
25 21 15
3 19 686 0 18 542 0 20 644 0
2.44055 -0.0733652 11.3108
112 96 80
4 19 691 0 18 508 0 20 631 0 21 647 0
0.688313 0.322533 11.042
77 72 67
3 20 645 0 17 459 0 19 687 0
-7.95909 -0.309463 12.4656
141 134 123
3 20 56 0 18 56 0 19 42 0
1.10026 0.604383 10.0159
150 129 104
5 20 224 0 18 237 0 21 222 0 23 211 0 24 166 0
2.22471 0.130844 10.4787
109 99 89
4 20 35 0 19 39 0 21 19 0 23 31 0
0.304751 -0.157065 9.85913
115 102 88
4 20 78 0 19 37 0 21 117 0 22 163 0
-1.58461 -0.195959 10.8879
49 45 38
3 20 126 0 19 143 0 21 177 0
0.761463 0.510747 10.7153
84 73 61
4 20 127 0 19 248 0 21 94 0 22 81 0
0.787222 0.500445 10.7138
84 74 62
5 20 128 0 19 247 0 21 93 0 22 82 0 23 210 0
2.48469 0.0895821 10.6793
123 109 92
3 20 151 0 19 190 0 21 142 0
2.12236 -0.0820655 11.3267
147 134 117
5 20 156 0 19 223 0 21 154 0 22 119 0 23 144 0
2.39266 0.163135 10.3678
132 120 104
4 20 167 0 19 243 0 21 155 0 22 133 0
-1.19022 -0.965444 10.8046
62 60 54
4 20 173 0 19 169 0 21 108 0 22 122 0
2.27359 -0.074061 11.3233
143 128 109
5 20 181 0 19 221 0 21 214 0 22 169 0 23 207 0
2.37717 0.0493829 10.845
142 130 112
3 20 186 0 19 253 0 21 190 0
-0.0054392 0.135575 9.49978
113 93 73
3 20 225 0 19 282 0 23 242 0
0.0248799 0.162823 9.56757
138 114 93
4 20 226 0 19 200 0 21 185 0 22 141 0
2.74311 0.192587 10.3628
88 71 58
5 20 227 0 19 283 0 21 240 0 22 200 0 23 316 0
-0.0776688 0.198246 9.26198
142 141 137
4 20 255 0 19 301 0 21 279 0 22 221 0
2.07004 -0.146245 11.6087
129 117 100
3 20 354 0 19 404 0 21 390 0
0.315707 -0.322099 10.473
106 97 85
3 20 379 0 19 576 0 21 431 0
-0.0953812 -0.0292284 9.38595
97 83 68
5 20 413 0 19 597 0 21 442 0 22 359 0 23 817 0
0.606244 0.494074 10.9525
29 23 17
4 20 429 0 19 477 0 21 456 0 22 373 0
1.14531 0.681241 9.85045
129 107 81
5 20 430 0 19 479 0 21 457 0 22 374 0 24 483 0
0.146375 -1.11627 9.96669
191 179 155
3 20 465 0 19 544 0 21 508 0
0.789177 0.17573 10.9964
136 115 92
4 20 620 0 19 733 0 21 662 0 22 380 0
2.11733 -0.170934 11.6134
141 127 110
3 20 636 0 19 678 0 21 449 0
1.1196 0.401682 10.2651
153 128 102
3 21 16 0 19 29 0 22 18 0
1.20563 0.36918 9.90631
155 138 118
5 21 163 0 19 202 0 22 138 0 23 149 0 24 132 0
0.600731 0.542844 10.9277
127 113 91
3 21 180 0 19 258 0 22 137 0
0.989846 0.804019 10.0508
144 128 111
4 21 455 0 19 481 0 22 372 0 24 490 0
0.667023 0.34545 11.055
89 86 79
3 21 459 0 19 475 0 22 377 0
-4.20299 1.76173 7.71245
104 103 101
3 21 519 0 19 593 0 23 531 0
-4.27968 1.65156 7.60137
143 141 138
3 21 542 0 19 583 0 23 556 0
-1.58872 -0.968056 10.6906
60 55 46
4 21 608 0 19 639 0 22 524 0 23 661 0
-0.0213071 -0.180211 9.61003
109 92 77
4 21 0 0 20 1 0 22 0 0 23 0 0
2.17378 0.106995 10.5844
106 96 84
3 21 34 0 20 68 0 23 51 0
2.56901 0.259244 10.2867
94 81 70
3 21 83 0 20 115 0 22 68 0
2.31434 -0.0643366 11.2802
155 138 119
3 21 104 0 20 110 0 22 92 0
-0.00436589 -0.00978854 9.44913
134 115 93
5 21 111 0 20 117 0 22 95 0 23 96 0 24 81 0
-3.94356 1.78655 7.00502
142 139 135
3 21 120 0 20 80 0 22 64 0
1.0249 0.7691 10.0134
89 77 63
4 21 171 0 20 206 0 22 126 0 23 93 0
0.818314 0.648305 10.4524
122 105 83
3 21 175 0 20 209 0 22 147 0
2.27677 -0.0756277 11.3233
143 128 110
4 21 215 0 20 180 0 22 170 0 23 206 0
-3.86902 1.84956 6.98519
11 9 12
4 21 318 0 20 325 0 22 307 0 24 413 0
-3.83007 1.93096 7.02746
143 141 138
4 21 522 0 20 403 0 22 364 0 24 465 0
-3.73763 1.9197 6.79137
12 10 12
3 21 549 0 20 508 0 22 367 0
2.32733 -0.0713283 11.2798
155 138 119
3 21 651 0 20 635 0 22 554 0
0.575064 0.466767 10.9951
27 21 16
3 22 375 0 17 453 0 21 458 0
0.967041 0.56881 10.2734
125 109 90
4 22 10 0 18 15 0 23 19 0 24 12 0
1.19542 0.515738 9.97078
155 136 111
3 22 17 0 18 19 0 24 15 0
0.642342 0.277447 11.0506
27 20 15
4 22 243 0 18 313 0 20 282 0 23 418 0
1.07352 -0.749153 11.8293
98 98 93
3 22 136 0 19 73 0 21 109 0
-3.76076 2.0313 6.78472
142 140 136
4 22 27 0 20 22 0 23 130 0 24 35 0
2.30093 0.0328137 10.8704
121 108 94
3 22 162 0 21 152 0 23 296 0
0.938806 0.489028 10.3819
137 116 91
3 22 174 0 21 196 0 24 103 0
0.699302 0.50437 10.7984
88 76 64
4 22 198 0 21 238 0 23 141 0 24 60 0
0.696051 0.504181 10.7979
88 75 63
3 22 199 0 21 239 0 23 142 0
0.466592 -0.867947 10.4365
103 90 76
3 22 226 0 21 282 0 23 375 0
0.968105 1.62782 9.16102
33 35 37
3 22 368 0 21 447 0 23 505 0
-3.85442 1.84582 7.00293
13 11 15
4 22 428 0 21 547 0 23 557 0 24 467 0
-3.86025 1.75672 7.0373
143 141 137
4 22 501 0 21 550 0 23 826 0 24 692 0
0.653565 0.232128 11.1077
81 78 73
3 23 157 0 19 280 0 20 232 0
-3.82339 1.9282 7.02969
144 143 140
3 23 27 0 21 12 0 24 27 0
2.17493 0.124676 10.5349
105 96 83
3 23 42 0 21 38 0 22 62 0
-0.134742 -1.1063 11.2404
113 108 98
3 23 167 0 21 228 0 24 149 0
-3.89473 1.66326 7.01874
8 5 9
3 23 454 0 22 264 0 24 411 0
0.992378 0.80511 10.0529
145 131 114
3 23 501 0 22 314 0 24 433 0
